<?xml version="1.0" encoding="UTF-8"?>
<testsuite xmlns:xsi="http://www.w3.org/2001/XMLSchema-instance" xsi:noNamespaceSchemaLocation="https://maven.apache.org/surefire/maven-surefire-plugin/xsd/surefire-test-report.xsd" name="PenguinTest" time="0.02" tests="3" errors="0" skipped="0" failures="0">
  <properties>
    <property name="socksProxyHost" value="127.0.0.1"/>
    <property name="awt.toolkit" value="sun.lwawt.macosx.LWCToolkit"/>
    <property name="http.proxyHost" value="127.0.0.1"/>
    <property name="java.specification.version" value="12"/>
    <property name="sun.jnu.encoding" value="UTF-8"/>
    <property name="java.class.path" value="/usr/local/Cellar/maven/3.6.1/libexec/boot/plexus-classworlds-2.6.0.jar"/>
    <property name="https.proxyPort" value="1087"/>
    <property name="java.vm.vendor" value="Oracle Corporation"/>
    <property name="sun.arch.data.model" value="64"/>
    <property name="java.vendor.url" value="https://java.oracle.com/"/>
    <property name="user.timezone" value="Asia/Shanghai"/>
    <property name="maven.conf" value="/usr/local/Cellar/maven/3.6.1/libexec/conf"/>
    <property name="java.vm.specification.version" value="12"/>
    <property name="os.name" value="Mac OS X"/>
    <property name="sun.java.launcher" value="SUN_STANDARD"/>
    <property name="user.country" value="CN"/>
    <property name="sun.boot.library.path" value="/Library/Java/JavaVirtualMachines/jdk-12.0.1.jdk/Contents/Home/lib"/>
    <property name="sun.java.command" value="org.codehaus.plexus.classworlds.launcher.Launcher test"/>
    <property name="http.nonProxyHosts" value="127.0.0.1|localhost|*.localhost"/>
    <property name="jdk.debug" value="release"/>
    <property name="maven.home" value="/usr/local/Cellar/maven/3.6.1/libexec"/>
    <property name="surefire.test.class.path" value="/Users/helloworld/Documents/Schooling in NEU/2020 Fall/Software Development/annetta/Fish/Common/Fish/target/test-classes:/Users/helloworld/Documents/Schooling in NEU/2020 Fall/Software Development/annetta/Fish/Common/Fish/target/classes:/Users/helloworld/.m2/repository/junit/junit/4.8/junit-4.8.jar:/Users/helloworld/.m2/repository/com/google/code/gson/gson/2.8.6/gson-2.8.6.jar:"/>
    <property name="sun.cpu.endian" value="little"/>
    <property name="user.home" value="/Users/helloworld"/>
    <property name="user.language" value="en"/>
    <property name="java.specification.vendor" value="Oracle Corporation"/>
    <property name="java.version.date" value="2019-04-16"/>
    <property name="java.home" value="/Library/Java/JavaVirtualMachines/jdk-12.0.1.jdk/Contents/Home"/>
    <property name="file.separator" value="/"/>
    <property name="https.proxyHost" value="127.0.0.1"/>
    <property name="basedir" value="/Users/helloworld/Documents/Schooling in NEU/2020 Fall/Software Development/annetta/Fish/Common/Fish"/>
    <property name="java.vm.compressedOopsMode" value="Zero based"/>
    <property name="line.separator" value="&#10;"/>
    <property name="java.vm.specification.vendor" value="Oracle Corporation"/>
    <property name="java.specification.name" value="Java Platform API Specification"/>
    <property name="java.awt.graphicsenv" value="sun.awt.CGraphicsEnvironment"/>
    <property name="sun.management.compiler" value="HotSpot 64-Bit Tiered Compilers"/>
    <property name="ftp.nonProxyHosts" value="127.0.0.1|localhost|*.localhost"/>
    <property name="java.runtime.version" value="12.0.1+12"/>
    <property name="user.name" value="helloworld"/>
    <property name="path.separator" value=":"/>
    <property name="os.version" value="10.15.6"/>
    <property name="java.runtime.name" value="Java(TM) SE Runtime Environment"/>
    <property name="file.encoding" value="UTF-8"/>
    <property name="guice.disable.misplaced.annotation.check" value="true"/>
    <property name="java.vm.name" value="Java HotSpot(TM) 64-Bit Server VM"/>
    <property name="localRepository" value="/Users/helloworld/.m2/repository"/>
    <property name="java.vendor.url.bug" value="https://bugreport.java.com/bugreport/"/>
    <property name="java.io.tmpdir" value="/var/folders/9_/80tj8jsd0tl10lh4gt_8624m0000gn/T/"/>
    <property name="java.version" value="12.0.1"/>
    <property name="user.dir" value="/Users/helloworld/Documents/Schooling in NEU/2020 Fall/Software Development/annetta/Fish/Common/Fish"/>
    <property name="os.arch" value="x86_64"/>
    <property name="maven.multiModuleProjectDirectory" value="/Users/helloworld/Documents/Schooling in NEU/2020 Fall/Software Development/annetta/Fish/Common/Fish"/>
    <property name="socksProxyPort" value="1086"/>
    <property name="java.vm.specification.name" value="Java Virtual Machine Specification"/>
    <property name="java.library.path" value="/Users/helloworld/Library/Java/Extensions:/Library/Java/Extensions:/Network/Library/Java/Extensions:/System/Library/Java/Extensions:/usr/lib/java:."/>
    <property name="java.vm.info" value="mixed mode, sharing"/>
    <property name="java.vendor" value="Oracle Corporation"/>
    <property name="java.vm.version" value="12.0.1+12"/>
    <property name="classworlds.conf" value="/usr/local/Cellar/maven/3.6.1/libexec/bin/m2.conf"/>
    <property name="sun.io.unicode.encoding" value="UnicodeBig"/>
    <property name="library.jansi.path" value="/usr/local/Cellar/maven/3.6.1/libexec/lib/jansi-native"/>
    <property name="socksNonProxyHosts" value="127.0.0.1|localhost|*.localhost"/>
    <property name="java.class.version" value="56.0"/>
    <property name="http.proxyPort" value="1087"/>
  </properties>
  <testcase name="setColor" classname="PenguinTest" time="0.001"/>
  <testcase name="getColor" classname="PenguinTest" time="0.001"/>
  <testcase name="setPos" classname="PenguinTest" time="0"/>
</testsuite>