<?xml version="1.0" encoding="UTF-8" ?>
<testsuite tests="55" failures="0" name="FishModelTest" time="0.012" errors="0" skipped="0">
  <properties>
    <property name="java.runtime.name" value="Java(TM) SE Runtime Environment"/>
    <property name="java.vm.version" value="12.0.1+12"/>
    <property name="sun.boot.library.path" value="/Library/Java/JavaVirtualMachines/jdk-12.0.1.jdk/Contents/Home/lib"/>
    <property name="maven.multiModuleProjectDirectory" value="/Users/helloworld/Documents/Schooling in NEU/2020 Fall/Software Development/annetta/fish/Common/Fish"/>
    <property name="java.vm.vendor" value="Oracle Corporation"/>
    <property name="java.vendor.url" value="https://java.oracle.com/"/>
    <property name="guice.disable.misplaced.annotation.check" value="true"/>
    <property name="path.separator" value=":"/>
    <property name="java.vm.name" value="Java HotSpot(TM) 64-Bit Server VM"/>
    <property name="user.country" value="CN"/>
    <property name="sun.java.launcher" value="SUN_STANDARD"/>
    <property name="java.vm.specification.name" value="Java Virtual Machine Specification"/>
    <property name="user.dir" value="/Users/helloworld/Documents/Schooling in NEU/2020 Fall/Software Development/annetta/Fish/Common/Fish"/>
    <property name="java.vm.compressedOopsMode" value="Zero based"/>
    <property name="java.runtime.version" value="12.0.1+12"/>
    <property name="java.awt.graphicsenv" value="sun.awt.CGraphicsEnvironment"/>
    <property name="os.arch" value="x86_64"/>
    <property name="java.io.tmpdir" value="/var/folders/9_/80tj8jsd0tl10lh4gt_8624m0000gn/T/"/>
    <property name="line.separator" value="
"/>
    <property name="socksProxyPort" value="1086"/>
    <property name="java.vm.specification.vendor" value="Oracle Corporation"/>
    <property name="https.proxyHost" value="127.0.0.1"/>
    <property name="os.name" value="Mac OS X"/>
    <property name="classworlds.conf" value="/usr/local/Cellar/maven/3.6.1/libexec/bin/m2.conf"/>
    <property name="sun.jnu.encoding" value="UTF-8"/>
    <property name="http.proxyPort" value="1087"/>
    <property name="java.library.path" value="/Users/helloworld/Library/Java/Extensions:/Library/Java/Extensions:/Network/Library/Java/Extensions:/System/Library/Java/Extensions:/usr/lib/java:."/>
    <property name="maven.conf" value="/usr/local/Cellar/maven/3.6.1/libexec/conf"/>
    <property name="jdk.debug" value="release"/>
    <property name="java.class.version" value="56.0"/>
    <property name="java.specification.name" value="Java Platform API Specification"/>
    <property name="sun.management.compiler" value="HotSpot 64-Bit Tiered Compilers"/>
    <property name="os.version" value="10.15.6"/>
    <property name="library.jansi.path" value="/usr/local/Cellar/maven/3.6.1/libexec/lib/jansi-native"/>
    <property name="http.nonProxyHosts" value="127.0.0.1|localhost|*.localhost"/>
    <property name="user.home" value="/Users/helloworld"/>
    <property name="user.timezone" value="Asia/Shanghai"/>
    <property name="file.encoding" value="UTF-8"/>
    <property name="java.specification.version" value="12"/>
    <property name="user.name" value="helloworld"/>
    <property name="java.class.path" value="/usr/local/Cellar/maven/3.6.1/libexec/boot/plexus-classworlds-2.6.0.jar"/>
    <property name="socksProxyHost" value="127.0.0.1"/>
    <property name="java.vm.specification.version" value="12"/>
    <property name="sun.arch.data.model" value="64"/>
    <property name="sun.java.command" value="org.codehaus.plexus.classworlds.launcher.Launcher test"/>
    <property name="java.home" value="/Library/Java/JavaVirtualMachines/jdk-12.0.1.jdk/Contents/Home"/>
    <property name="user.language" value="en"/>
    <property name="java.specification.vendor" value="Oracle Corporation"/>
    <property name="awt.toolkit" value="sun.lwawt.macosx.LWCToolkit"/>
    <property name="java.vm.info" value="mixed mode, sharing"/>
    <property name="java.version" value="12.0.1"/>
    <property name="http.proxyHost" value="127.0.0.1"/>
    <property name="java.vendor" value="Oracle Corporation"/>
    <property name="maven.home" value="/usr/local/Cellar/maven/3.6.1/libexec"/>
    <property name="file.separator" value="/"/>
    <property name="java.version.date" value="2019-04-16"/>
    <property name="java.vendor.url.bug" value="https://bugreport.java.com/bugreport/"/>
    <property name="sun.io.unicode.encoding" value="UnicodeBig"/>
    <property name="sun.cpu.endian" value="little"/>
    <property name="https.proxyPort" value="1087"/>
    <property name="socksNonProxyHosts" value="127.0.0.1|localhost|*.localhost"/>
    <property name="ftp.nonProxyHosts" value="127.0.0.1|localhost|*.localhost"/>
  </properties>
  <testcase classname="FishModelTest" name="moveBottomLeftWithEmptyInvalid1" time="0.003"/>
  <testcase classname="FishModelTest" name="moveBottomLeftWithEmptyInvalid2" time="0"/>
  <testcase classname="FishModelTest" name="moveBottomLeftWithEmptyInvalid3" time="0.001"/>
  <testcase classname="FishModelTest" name="emptyTileInvalid1" time="0"/>
  <testcase classname="FishModelTest" name="emptyTileInvalid2" time="0.001"/>
  <testcase classname="FishModelTest" name="emptyTileInvalid3" time="0"/>
  <testcase classname="FishModelTest" name="emptyTileInvalid4" time="0.001"/>
  <testcase classname="FishModelTest" name="emptyTileInvalid5" time="0.003"/>
  <testcase classname="FishModelTest" name="moveToBottomRightInvalid1" time="0"/>
  <testcase classname="FishModelTest" name="moveToBottomRightInvalid2" time="0.001"/>
  <testcase classname="FishModelTest" name="getBoardCopy" time="0"/>
  <testcase classname="FishModelTest" name="moveDownValid1" time="0"/>
  <testcase classname="FishModelTest" name="moveDownValid2" time="0"/>
  <testcase classname="FishModelTest" name="moveDownValid3" time="0"/>
  <testcase classname="FishModelTest" name="moveDownValid4" time="0"/>
  <testcase classname="FishModelTest" name="emptyBoardMoves" time="0.001"/>
  <testcase classname="FishModelTest" name="moveDownWithEmptyInvalid1" time="0"/>
  <testcase classname="FishModelTest" name="moveDownWithEmptyInvalid2" time="0.001"/>
  <testcase classname="FishModelTest" name="moveDownWithEmptyInvalid3" time="0"/>
  <testcase classname="FishModelTest" name="moveToSelfInvalid" time="0"/>
  <testcase classname="FishModelTest" name="moveLeftInvalid" time="0"/>
  <testcase classname="FishModelTest" name="moveToTopLeftInvalid1" time="0"/>
  <testcase classname="FishModelTest" name="moveToTopLeftInvalid2" time="0"/>
  <testcase classname="FishModelTest" name="moveToTopRightInvalid1" time="0"/>
  <testcase classname="FishModelTest" name="moveToTopRightInvalid2" time="0"/>
  <testcase classname="FishModelTest" name="getEmptyBoardCopy" time="0"/>
  <testcase classname="FishModelTest" name="emptyTileValid1" time="0"/>
  <testcase classname="FishModelTest" name="emptyTileValid2" time="0"/>
  <testcase classname="FishModelTest" name="moveToTopLeftValid1" time="0"/>
  <testcase classname="FishModelTest" name="moveToTopLeftValid2" time="0"/>
  <testcase classname="FishModelTest" name="moveUpValid1" time="0"/>
  <testcase classname="FishModelTest" name="moveUpValid2" time="0"/>
  <testcase classname="FishModelTest" name="moveUpValid3" time="0"/>
  <testcase classname="FishModelTest" name="moveUpValid4" time="0"/>
  <testcase classname="FishModelTest" name="moveRightInvalid" time="0"/>
  <testcase classname="FishModelTest" name="moveTopLeftWithEmptyInvalid1" time="0"/>
  <testcase classname="FishModelTest" name="moveTopLeftWithEmptyInvalid2" time="0"/>
  <testcase classname="FishModelTest" name="moveTopLeftWithEmptyInvalid3" time="0"/>
  <testcase classname="FishModelTest" name="moveBottomRightWithEmptyInvalid1" time="0"/>
  <testcase classname="FishModelTest" name="moveBottomRightWithEmptyInvalid2" time="0"/>
  <testcase classname="FishModelTest" name="moveBottomRightWithEmptyInvalid3" time="0"/>
  <testcase classname="FishModelTest" name="moveToBottomLeftValid1" time="0"/>
  <testcase classname="FishModelTest" name="moveToBottomLeftValid2" time="0"/>
  <testcase classname="FishModelTest" name="moveTopRightWithEmptyInvalid1" time="0"/>
  <testcase classname="FishModelTest" name="moveTopRightWithEmptyInvalid2" time="0"/>
  <testcase classname="FishModelTest" name="moveTopRightWithEmptyInvalid3" time="0"/>
  <testcase classname="FishModelTest" name="moveToBottomLeftInvalid1" time="0"/>
  <testcase classname="FishModelTest" name="moveToBottomLeftInvalid2" time="0"/>
  <testcase classname="FishModelTest" name="moveToTopRightValid1" time="0"/>
  <testcase classname="FishModelTest" name="moveToTopRightValid2" time="0"/>
  <testcase classname="FishModelTest" name="moveUpWithEmptyInvalid1" time="0"/>
  <testcase classname="FishModelTest" name="moveUpWithEmptyInvalid2" time="0"/>
  <testcase classname="FishModelTest" name="moveUpWithEmptyInvalid3" time="0"/>
  <testcase classname="FishModelTest" name="moveToBottomRightValid1" time="0"/>
  <testcase classname="FishModelTest" name="moveToBottomRightValid2" time="0"/>
</testsuite>